data: The

data: UK

data: general

data: prohib

data:ition

data:,

data: as

data: outlined

data: in

data: F

data:S

data:MA

data: 

data:2

data:0

data:0

data:0

data: s

data:.

data:1

data:9

data:,

data: states

data: that

data: no

data: person

data: may

data: carry

data: on

data: a

data: reg

data:ulated

data: activity

data: in

data: the

data: United

data: Kingdom

data: unless

data: they

data: are

data: an

data: author

data:ised

data: person

data: or

data: an

data: ex

data:empt

data: person

data:.

data: The

data: F

data:SC

data:S

data: (

data:Fin

data:ancial

data: Services

data: Comp

data:ens

data:ation

data: Sche

data:me

data:)

data: limit

data: applies

data: when

data: providing

data: eligible

data: depos

data:its

data:,

data: investments

data:,

data: and

data: insurance

data: claims

data: up

data: to

data: £

data:8

data:5

data:,

data:0

data:0

data:0

data: per

data: eligible

data: person

data: per

data: firm

data: are

data: protected

data: by

data: the

data: scheme

data:,

data: subject

data: to

data: certain

data: conditions

data: and

data: exceptions

data:.

data: However

data:,

data: it

data:'

data:s

data: important

data: to

data: note

data: that

data: the

data: F

data:SC

data:S

data: limit

data: does

data: not

data: apply

data: to

data: all

data: financial

data: activities

data: or

data: products

data:,

data: and

data: specific

data: th

data:resh

data:olds

data: may

data: vary

data: depending

data: on

data: the

data: nature

data: of

data: the

data: activity

data: or

data: product

data: involved

data:.

data:


data:


data:Source

data::

data: F

data:S

data:MA

data: 

data:2

data:0

data:0

data:0

data: s

data:.

data:1

data:9

data: |

data: F

data:S

data:MA

data: 

data:2

data:0

data:0

data:0

data: s

data:.

data:3

data:3

data:2

data: |

data: F

data:S

data:MA

data: 

data:2

data:0

data:0

data:0

data: s

data:.

data:3

data:3

data:3

data:

> ⚠️ One or more citations could not be verified against UK short-forms. Please cross-check sources (FSMA 2000, FCA Handbook COBS/SYSC/PRIN/CONC/ICOBS/MCOB/PROD/DISP/COMP/COLL, PSR 2017, RAO 2001, UK MAR, DTR, MLR 2017).

data:

> ⚠️ The following citations could not be matched against the graph: `COMP 10.2`.

event: meta
data:{"citations_ok": false, "invalid": ["it's important to note that the FSCS limit does not apply to all financial activities or products", "and specific thresholds may vary depending on the nature of the activity or product involved."], "verification": {"all_grounded": false, "all_retrieved": false, "verified": ["FSMA 2000 s.19", "FSMA 2000 s.332", "FSMA 2000 s.333"], "unverified": ["COMP 10.2"], "hallucinated_context": ["COMP 10.2"], "note": ""}, "claim_trace": [{"claim": "The UK general prohibition, as outlined in FSMA 2000 s.19, states that no person may carry on a regulated activity in the United Kingdom unless they are an authorised person or an exempt person.", "best_match": {"cite": "FSMA 2000 s.19", "score": 11, "normalised_overlap": 0.786}}, {"claim": "The COMP 10.2 per eligible person per firm are protected by the scheme, subject to certain conditions and exceptions.", "best_match": {"cite": "FSMA 2000 s.19", "score": 1, "normalised_overlap": 0.091}}, {"claim": "However, it's important to note that the FSCS limit does not apply to all financial activities or products, and specific thresholds may vary depending on the nature of the activity or product involved.", "best_match": {"cite": "FSMA 2000 s.333", "score": 4, "normalised_overlap": 0.235}}]}

event: meta
data:{"thought_ms":300}

event: done
data:

